<?xml version="1.0" encoding="UTF-8"?>
<!-- Generated by org.testng.reporters.JUnitReportReporter -->
<testsuite skipped="0" hostname="WINVA185060-0WA" name="prac.WaiTest" tests="2" failures="0" timestamp="2021-06-19T18:56:03 IST" time="4.754" errors="0">
  <testcase name="test2" time="1.651" classname="prac.WaiTest"/>
  <system-out/>
  <testcase name="test1" time="3.103" classname="prac.WaiTest"/>
  <system-out/>
</testsuite> <!-- prac.WaiTest -->
