<?xml version="1.0" encoding="UTF-8"?>
<!-- Generated by org.testng.reporters.JUnitReportReporter -->
<testsuite skipped="0" hostname="WINVA185060-0WA" name="prac.BankSite" tests="1" failures="0" timestamp="2021-06-19T18:56:03 IST" time="0.661" errors="0">
  <testcase name="bankLogin" time="0.661" classname="prac.BankSite"/>
  <system-out/>
</testsuite> <!-- prac.BankSite -->
